03-Jun-22 23:32:06 - INFO - User: Norma (305) borrowed a bicycle from Karel Oomsstraat (2018)
03-Jun-22 23:32:06 - INFO - User: Pedro (1882) borrowed a bicycle from Sint-Andriesplaats (2000)
03-Jun-22 23:32:06 - INFO - User: Diana (1986) borrowed a bicycle from Blancefloerlaan (2050)
03-Jun-22 23:32:06 - INFO - User: Dorothy (602) borrowed a bicycle from Wapper (2000)
03-Jun-22 23:32:06 - INFO - User: Gladys (3983) borrowed a bicycle from Kronenburgstraat (2000)
03-Jun-22 23:32:06 - INFO - User: Michael (1717) borrowed a bicycle from Sint-Vincentiusstraat (2018)
03-Jun-22 23:32:06 - INFO - User: Catherine (3195) borrowed a bicycle from Verenigde Natieslaan (2660)
03-Jun-22 23:32:06 - INFO - User: Gail (843) borrowed a bicycle from De Keyserlei (2018)
03-Jun-22 23:32:06 - INFO - User: Jack (2574) borrowed a bicycle from Leo Bosschartlaan (2660)
03-Jun-22 23:32:06 - INFO - User: Andrew (814) borrowed a bicycle from Fransenplaats (2018)
03-Jun-22 23:32:06 - INFO - User: Jason (163) borrowed a bicycle from Kloosterstraat (2000)
03-Jun-22 23:32:06 - INFO - User: Harold (2513) borrowed a bicycle from Statielei (2140)
03-Jun-22 23:32:06 - INFO - Transporter: Richard (1) took 4  bicycles from PALEISSTRAAT
03-Jun-22 23:32:06 - INFO - Transporter: Agnes (2) took 5  bicycles from Lamorinièrestraat (2018)
03-Jun-22 23:32:06 - INFO - Transporter: Sandra (3) took 5  bicycles from Groenplaats (2000)
03-Jun-22 23:32:06 - INFO - Transporter: David (4) took 5  bicycles from De Wittestraat (2600)
03-Jun-22 23:32:06 - INFO - Transporter: Shirley (5) took 5  bicycles from Lange Elzenstraat (2018)
03-Jun-22 23:32:06 - WARNING - All transporters are busy!
03-Jun-22 23:32:08 - INFO - User: Erica (723) borrowed a bicycle from Ruggeveldlaan (2100)
03-Jun-22 23:32:08 - INFO - User: Jayne (3274) borrowed a bicycle from Sint-Bartholomeusstraat (2170)
03-Jun-22 23:32:08 - INFO - User: Shayna (453) borrowed a bicycle from Gloriantlaan (2050)
03-Jun-22 23:32:08 - INFO - User: Sean (2848) borrowed a bicycle from Reinaartlaan (2050)
03-Jun-22 23:32:08 - INFO - User: Tina (3943) borrowed a bicycle from Letterkundestraat (2610)
03-Jun-22 23:32:08 - INFO - User: May (656) borrowed a bicycle from Mechelsesteenweg (2018)
03-Jun-22 23:32:08 - INFO - User: Holly (2155) borrowed a bicycle from Jan Van Rijswijcklaan (2018)
03-Jun-22 23:32:08 - INFO - User: Kim (3113) borrowed a bicycle from Sint-Aldegondiskaai (2000)
03-Jun-22 23:32:08 - INFO - User: Laura (2160) borrowed a bicycle from Asiadok-Oostkaai (2030)
03-Jun-22 23:32:08 - INFO - User: Patricia (276) borrowed a bicycle from Van Heybeeckstraat (2170)
03-Jun-22 23:32:08 - INFO - User: Dewey (2140) borrowed a bicycle from Eric Sasselaan (2020)
03-Jun-22 23:32:08 - INFO - User: Shirley (4191) borrowed a bicycle from Jozef Nellenslei (2100)
03-Jun-22 23:32:08 - WARNING - All transporters are busy!
03-Jun-22 23:32:10 - INFO - User: Beth (712) borrowed a bicycle from Wim Saerensplein (2100)
03-Jun-22 23:32:10 - INFO - User: William (1003) borrowed a bicycle from August Van de Wielelei (2100)
03-Jun-22 23:32:10 - INFO - User: Henry (1897) borrowed a bicycle from Oosterveldlaan (2610)
03-Jun-22 23:32:10 - INFO - User: Robert (3677) borrowed a bicycle from Luitenant Lippenslaan (2140)
03-Jun-22 23:32:10 - INFO - User: Mary (2879) borrowed a bicycle from Statiestraat (2600)
03-Jun-22 23:32:10 - INFO - User: Kent (2584) borrowed a bicycle from Florent Pauwelslei (2100)
03-Jun-22 23:32:10 - INFO - User: Austin (2590) borrowed a bicycle from Verenigde Natieslaan (2660)
03-Jun-22 23:32:10 - INFO - User: Linda (3202) borrowed a bicycle from Ahornenlaan (2020)
03-Jun-22 23:32:10 - INFO - User: Katherine (2747) borrowed a bicycle from Keizerstraat (2000)
03-Jun-22 23:32:10 - INFO - User: Jeanne (363) borrowed a bicycle from Van der Meydenstraat (2140)
03-Jun-22 23:32:10 - INFO - User: Dennis (3897) borrowed a bicycle from Fruithoflaan (2600)
03-Jun-22 23:32:10 - INFO - User: Anthony (137) borrowed a bicycle from Plantinkaai (2000)
03-Jun-22 23:32:10 - WARNING - All transporters are busy!
03-Jun-22 23:32:12 - INFO - User: Dorothy (4104) borrowed a bicycle from Groenendaallaan (2030)
03-Jun-22 23:32:12 - INFO - User: Robert (3906) borrowed a bicycle from Jos Smolderenstraat (2000)
03-Jun-22 23:32:12 - INFO - User: Raul (179) borrowed a bicycle from Beukenlaan (2020)
03-Jun-22 23:32:12 - INFO - User: Jeremy (2759) borrowed a bicycle from Entrepotplaats (2000)
03-Jun-22 23:32:12 - INFO - User: Billy (3570) borrowed a bicycle from Luchthavenlei (2100)
03-Jun-22 23:32:12 - INFO - User: Tracy (455) borrowed a bicycle from Majoor Maelfaitplein (2660)
03-Jun-22 23:32:12 - INFO - User: Charles (341) borrowed a bicycle from Van Deynsestraat (2100)
03-Jun-22 23:32:12 - INFO - User: Evelyn (883) borrowed a bicycle from Kerkstraat (2060)
03-Jun-22 23:32:12 - INFO - User: Peggy (4346) borrowed a bicycle from Cockerillplaats (2660)
03-Jun-22 23:32:12 - INFO - User: Stella (3471) borrowed a bicycle from Steynstraat (2660)
03-Jun-22 23:32:12 - INFO - User: Alexander (3701) borrowed a bicycle from Schijnpoortweg (2060)
03-Jun-22 23:32:12 - INFO - User: Mack (189) borrowed a bicycle from Den Brem (2610)
03-Jun-22 23:32:12 - WARNING - All transporters are busy!
03-Jun-22 23:32:14 - INFO - User: James (1382) borrowed a bicycle from Ellermanstraat (2060)
03-Jun-22 23:32:14 - INFO - User: Kenneth (12) borrowed a bicycle from Lange Lobroekstraat (2060)
03-Jun-22 23:32:14 - INFO - User: William (101) borrowed a bicycle from Ruggeveldlaan (2100)
03-Jun-22 23:32:14 - INFO - User: David (3838) borrowed a bicycle from Ellermanstraat (2060)
03-Jun-22 23:32:14 - INFO - User: Carol (3915) borrowed a bicycle from Jan De Voslei (2020)
03-Jun-22 23:32:14 - INFO - User: Robert (1869) borrowed a bicycle from Eksterlaar (2100)
03-Jun-22 23:32:14 - INFO - User: Gary (2215) borrowed a bicycle from Doornstraat (2610)
03-Jun-22 23:32:14 - INFO - User: Nancy (2712) borrowed a bicycle from Hofstadestraat (2600)
03-Jun-22 23:32:14 - INFO - User: Lois (3366) borrowed a bicycle from Vogelzanglaan (2020)
03-Jun-22 23:32:14 - INFO - User: Rebekah (976) borrowed a bicycle from Statiestraat (2600)
03-Jun-22 23:32:14 - INFO - User: Glenn (926) borrowed a bicycle from Van Trierstraat (2018)
03-Jun-22 23:32:14 - INFO - User: Eleanor (1646) borrowed a bicycle from Oosterveldlaan (2610)
03-Jun-22 23:32:14 - WARNING - All transporters are busy!
03-Jun-22 23:32:16 - INFO - User: Fidel (4218) borrowed a bicycle from Rozenkransplein (2610)
03-Jun-22 23:32:16 - INFO - User: Lawrence (3734) borrowed a bicycle from Malisgoed (2610)
03-Jun-22 23:32:16 - INFO - User: Joseph (2978) borrowed a bicycle from Krijgsbaan (2660)
03-Jun-22 23:32:16 - INFO - User: Jamie (831) borrowed a bicycle from Ter Nieuwerbrugge (2600)
03-Jun-22 23:32:16 - INFO - User: Ramon (1872) borrowed a bicycle from Speelpleinstraat (2170)
03-Jun-22 23:32:16 - INFO - User: Bradley (3386) borrowed a bicycle from Steynstraat (2660)
03-Jun-22 23:32:16 - INFO - User: Christy (4182) borrowed a bicycle from Ertbruggelaan (2100)
03-Jun-22 23:32:16 - INFO - User: Teresa (3537) borrowed a bicycle from Berkenrodelei (2660)
03-Jun-22 23:32:16 - INFO - User: Ben (151) borrowed a bicycle from Frans De Vriendtstraat (2140)
03-Jun-22 23:32:16 - INFO - User: Garrett (986) borrowed a bicycle from August Vermeylenlaan (2050)
03-Jun-22 23:32:16 - INFO - User: Mary (1344) borrowed a bicycle from Groenenborgerlaan (2610)
03-Jun-22 23:32:16 - INFO - User: Beatrice (154) borrowed a bicycle from Cockerillplaats (2660)
03-Jun-22 23:32:16 - WARNING - All transporters are busy!
03-Jun-22 23:32:18 - INFO - User: Daniel (3756) borrowed a bicycle from Ter Rivierenlaan (2100)
03-Jun-22 23:32:18 - INFO - User: Joseph (556) borrowed a bicycle from Groenendaallaan (2030)
03-Jun-22 23:32:18 - INFO - User: Amy (914) borrowed a bicycle from Vosstraat (2140)
03-Jun-22 23:32:18 - INFO - User: Cynthia (1345) borrowed a bicycle from Blancefloerlaan (2050)
03-Jun-22 23:32:18 - INFO - User: Dominga (3731) borrowed a bicycle from Eglantierlaan (2610)
03-Jun-22 23:32:18 - INFO - User: Barbara (2937) borrowed a bicycle from Emiel Vloorsstraat (2660)
03-Jun-22 23:32:18 - INFO - User: Jeff (2257) borrowed a bicycle from Van Kerckhovenstraat (2060)
03-Jun-22 23:32:18 - INFO - User: Joseph (2666) borrowed a bicycle from Bosheidelaan (2610)
03-Jun-22 23:32:18 - INFO - User: Jeanette (3193) borrowed a bicycle from Entrepotkaai (2000)
03-Jun-22 23:32:18 - INFO - User: Alfonzo (1894) borrowed a bicycle from Italiëlei (2000)
03-Jun-22 23:32:18 - INFO - User: Dana (2216) borrowed a bicycle from Karel De Preterlei (2140)
03-Jun-22 23:32:18 - INFO - User: Virginia (2110) borrowed a bicycle from Van Schoonbekestraat (2018)
03-Jun-22 23:32:18 - WARNING - All transporters are busy!
03-Jun-22 23:32:20 - INFO - User: Tom (1078) borrowed a bicycle from Doornstraat (2610)
03-Jun-22 23:32:20 - INFO - User: Anthony (764) borrowed a bicycle from Arthur Matthyslaan (2140)
03-Jun-22 23:32:20 - INFO - User: Larry (684) borrowed a bicycle from Moorkensplein (2140)
03-Jun-22 23:32:20 - INFO - User: Carolyn (3822) borrowed a bicycle from Letterkundestraat (2610)
03-Jun-22 23:32:20 - INFO - User: Doris (160) borrowed a bicycle from Speelpleinstraat (2170)
03-Jun-22 23:32:20 - INFO - User: Jose (1827) borrowed a bicycle from Schuttershofstraat (2000)
03-Jun-22 23:32:20 - INFO - User: Barbara (2304) borrowed a bicycle from Wapper (2000)
03-Jun-22 23:32:20 - INFO - User: Daniel (1005) borrowed a bicycle from Kambalastraat (2030)
03-Jun-22 23:32:20 - INFO - User: Andrea (3178) borrowed a bicycle from Paul Henri Spaaklaan (2660)
03-Jun-22 23:32:20 - INFO - User: Clifford (3127) borrowed a bicycle from Vercammenstraat (2140)
03-Jun-22 23:32:20 - INFO - User: Petra (3828) borrowed a bicycle from Berkenrodelei (2660)
03-Jun-22 23:32:20 - INFO - User: Natalia (3407) borrowed a bicycle from Kievitplein (2018)
03-Jun-22 23:32:20 - WARNING - All transporters are busy!
03-Jun-22 23:32:22 - INFO - User: Mary (3634) borrowed a bicycle from Borrewaterstraat (2170)
03-Jun-22 23:32:22 - INFO - User: Steve (706) borrowed a bicycle from Ruggeveldlaan (2100)
03-Jun-22 23:32:22 - INFO - User: Charles (1456) borrowed a bicycle from Oosterveldlaan (2610)
03-Jun-22 23:32:22 - INFO - User: Leslie (3139) borrowed a bicycle from Blancefloerlaan (2050)
03-Jun-22 23:32:22 - INFO - User: Leonard (2826) borrowed a bicycle from Frans De Vriendtstraat (2140)
03-Jun-22 23:32:22 - INFO - User: Phillip (3750) borrowed a bicycle from Groenendaallaan (2030)
03-Jun-22 23:32:22 - INFO - User: Julie (849) borrowed a bicycle from Doornstraat (2610)
03-Jun-22 23:32:22 - INFO - User: Sandra (2275) borrowed a bicycle from Ahornenlaan (2020)
03-Jun-22 23:32:22 - INFO - User: Melody (100) borrowed a bicycle from Pesthofstraat (2060)
03-Jun-22 23:32:22 - INFO - User: James (7) borrowed a bicycle from Hofstadestraat (2600)
03-Jun-22 23:32:22 - INFO - User: Carrie (1386) borrowed a bicycle from Kievitplein (2018)
03-Jun-22 23:32:22 - INFO - User: Juliana (1402) borrowed a bicycle from Hof Van Tichelen (2020)
03-Jun-22 23:32:22 - INFO - Transporter: Sandra (3) Delivered 5 bicycles at Borrewaterstraat (2170)
03-Jun-22 23:32:22 - INFO - Transporter: Sandra (3) took 5  bicycles from Van Trierstraat (2018)
03-Jun-22 23:32:22 - WARNING - All transporters are busy!
03-Jun-22 23:32:24 - INFO - User: Erica (1807) borrowed a bicycle from Baron Sadoinestraat (2660)
03-Jun-22 23:32:24 - INFO - User: Thelma (3488) borrowed a bicycle from Plantinkaai (2000)
03-Jun-22 23:32:24 - INFO - User: David (1223) borrowed a bicycle from Kerkstraat (2060)
03-Jun-22 23:32:24 - INFO - User: Charles (3450) borrowed a bicycle from Fonteinstraat (2140)
03-Jun-22 23:32:24 - INFO - User: Angela (3590) borrowed a bicycle from Sint-Bernardsesteenweg (2660)
03-Jun-22 23:32:24 - INFO - User: Laurel (1296) borrowed a bicycle from Turnhoutsebaan (2140)
03-Jun-22 23:32:24 - INFO - User: Sharon (1544) borrowed a bicycle from Groenkerkhofstraat (2000)
03-Jun-22 23:32:24 - INFO - User: Robert (717) borrowed a bicycle from Hof ter Schriecklaan (2600)
03-Jun-22 23:32:24 - INFO - User: Coretta (4142) borrowed a bicycle from Lange Lobroekstraat (2060)
03-Jun-22 23:32:24 - INFO - User: Harvey (3483) borrowed a bicycle from Meerlenhoflaan (2660)
03-Jun-22 23:32:24 - INFO - User: Albert (3295) borrowed a bicycle from Entrepotkaai (2000)
03-Jun-22 23:32:24 - INFO - User: John (3422) borrowed a bicycle from Verbindingsdok-Oostkaai (2000)
03-Jun-22 23:32:24 - INFO - Transporter: Richard (1) Delivered 4 bicycles at Wisselstraat (2000)
03-Jun-22 23:32:24 - INFO - Transporter: Richard (1) took 4  bicycles from Provinciestraat (2018)
03-Jun-22 23:32:24 - WARNING - All transporters are busy!
03-Jun-22 23:32:26 - INFO - User: Kevin (3980) borrowed a bicycle from Ernest Van Dijckkaai (2000)
03-Jun-22 23:32:26 - INFO - User: William (1573) borrowed a bicycle from Fonteinstraat (2140)
03-Jun-22 23:32:26 - INFO - User: Sue (1794) borrowed a bicycle from Sint-Paulusstraat (2000)
03-Jun-22 23:32:26 - INFO - User: Christopher (1280) borrowed a bicycle from Baron Sadoinestraat (2660)
03-Jun-22 23:32:26 - INFO - User: Christopher (4294) borrowed a bicycle from Lange Lobroekstraat (2060)
03-Jun-22 23:32:26 - INFO - User: Daniel (1226) borrowed a bicycle from Desguinlei (2018)
03-Jun-22 23:32:26 - INFO - User: Theodore (1540) borrowed a bicycle from Fruithoflaan (2600)
03-Jun-22 23:32:26 - INFO - User: Natasha (2614) borrowed a bicycle from Herentalsebaan (2100)
03-Jun-22 23:32:26 - INFO - User: Erin (2833) borrowed a bicycle from Bredabaan (2170)
03-Jun-22 23:32:26 - INFO - User: David (3881) borrowed a bicycle from Desguinlei (2018)
03-Jun-22 23:32:26 - INFO - User: Timothy (2897) borrowed a bicycle from Eksterlaar (2100)
03-Jun-22 23:32:26 - INFO - User: Julie (2756) borrowed a bicycle from Statiestraat (2600)
03-Jun-22 23:32:26 - INFO - User: Shayna (453) Delivered a bicycle at Noordersingel (2140)
03-Jun-22 23:32:26 - INFO - User: Michael (1717) Delivered a bicycle at Doornstraat (2610)
03-Jun-22 23:32:26 - INFO - User: Shirley (4191) Delivered a bicycle at Korte Bremstraat (2170)
03-Jun-22 23:32:26 - WARNING - All transporters are busy!
03-Jun-22 23:32:28 - INFO - User: John (801) borrowed a bicycle from Lange Lobroekstraat (2060)
03-Jun-22 23:32:28 - INFO - User: Vincent (998) borrowed a bicycle from Provinciestraat (2018)
03-Jun-22 23:32:28 - INFO - User: Brian (491) borrowed a bicycle from Krugerplein (2140)
03-Jun-22 23:32:28 - INFO - User: Peter (2743) borrowed a bicycle from Boomgaardstraat (2018)
03-Jun-22 23:32:28 - INFO - User: Jennifer (3253) borrowed a bicycle from Desguinlei (2018)
03-Jun-22 23:32:28 - INFO - User: Teddy (1870) borrowed a bicycle from Diksmuidelaan (2600)
03-Jun-22 23:32:28 - INFO - User: Mary (2252) borrowed a bicycle from Cockerillkaai (2000)
03-Jun-22 23:32:28 - INFO - User: Sarah (3519) borrowed a bicycle from Maurits Sabbelaan (2020)
03-Jun-22 23:32:28 - INFO - User: Andy (374) borrowed a bicycle from Jozef Nellenslei (2100)
03-Jun-22 23:32:28 - INFO - User: Keri (2540) borrowed a bicycle from Oosterveldlaan (2610)
03-Jun-22 23:32:28 - INFO - User: Ramon (912) borrowed a bicycle from Italiëlei (2000)
03-Jun-22 23:32:28 - INFO - User: Shirley (2572) borrowed a bicycle from Eksterlaar (2100)
03-Jun-22 23:32:28 - INFO - Transporter: Agnes (2) Delivered 5 bicycles at Thonetlaan (2050)
03-Jun-22 23:32:28 - INFO - Transporter: Shirley (5) Delivered 5 bicycles at Koningin Astridplein (2018)
03-Jun-22 23:32:28 - INFO - Transporter: Agnes (2) took 8  bicycles from Quinten Matsijslei (2018)
03-Jun-22 23:32:28 - INFO - Transporter: Shirley (5) took 5  bicycles from Paardenmarkt (2000)
03-Jun-22 23:32:28 - WARNING - All transporters are busy!
03-Jun-22 23:32:30 - INFO - User: Alene (1384) borrowed a bicycle from Groenkerkhofstraat (2000)
03-Jun-22 23:32:30 - INFO - User: Justin (433) borrowed a bicycle from Filip Williotstraat (2600)
03-Jun-22 23:32:30 - INFO - User: Linda (3849) borrowed a bicycle from Havanastraat (2030)
03-Jun-22 23:32:30 - INFO - User: Barry (1213) borrowed a bicycle from Eksterlaar (2100)
03-Jun-22 23:32:30 - INFO - User: Laverne (394) borrowed a bicycle from Stanleystraat (2018)
03-Jun-22 23:32:30 - INFO - User: David (2762) borrowed a bicycle from August Vermeylenlaan (2050)
03-Jun-22 23:32:30 - INFO - User: Dianne (582) borrowed a bicycle from Florent Pauwelslei (2100)
03-Jun-22 23:32:30 - INFO - User: Arthur (1042) borrowed a bicycle from Waalsekaai (2000)
03-Jun-22 23:32:30 - INFO - User: Susan (3678) borrowed a bicycle from Sint Bernaardsestwg
03-Jun-22 23:32:30 - INFO - User: Sarah (340) borrowed a bicycle from Belgiëlei (2018)
03-Jun-22 23:32:30 - INFO - User: David (2472) borrowed a bicycle from Ahornenlaan (2020)
03-Jun-22 23:32:30 - INFO - User: John (3825) borrowed a bicycle from Boomgaardstraat (2018)
03-Jun-22 23:32:30 - INFO - Transporter: David (4) Delivered 5 bicycles at Eksterlaar (2100)
03-Jun-22 23:32:30 - INFO - Transporter: David (4) took 5  bicycles from Pothoekstraat (2060)
03-Jun-22 23:32:30 - WARNING - All transporters are busy!
03-Jun-22 23:32:32 - INFO - User: Bobbi (3019) borrowed a bicycle from Meir (2000)
03-Jun-22 23:32:32 - INFO - User: Otis (3565) borrowed a bicycle from Eiermarkt (2000)
03-Jun-22 23:32:32 - INFO - User: Richard (1569) borrowed a bicycle from Wapper (2000)
03-Jun-22 23:32:32 - INFO - User: Micheal (290) borrowed a bicycle from Lange Lobroekstraat (2060)
03-Jun-22 23:32:32 - INFO - User: Dennis (2715) borrowed a bicycle from Statiestraat (2600)
03-Jun-22 23:32:32 - INFO - User: Lila (1864) borrowed a bicycle from Hardenvoort (2060)
03-Jun-22 23:32:32 - INFO - User: Colin (3599) borrowed a bicycle from Schotensesteenweg (2100)
03-Jun-22 23:32:32 - INFO - User: Emily (3052) borrowed a bicycle from Lange Elzenstraat (2018)
03-Jun-22 23:32:32 - INFO - User: Bridget (654) borrowed a bicycle from Fransenplaats (2018)
03-Jun-22 23:32:32 - INFO - User: Bernadette (3419) borrowed a bicycle from Florent Pauwelslei (2100)
03-Jun-22 23:32:32 - INFO - User: Eric (3323) borrowed a bicycle from Noordschippersdok (2060)
03-Jun-22 23:32:32 - INFO - User: George (1581) borrowed a bicycle from Trapstraat (2060)
03-Jun-22 23:32:32 - WARNING - All transporters are busy!
03-Jun-22 23:32:34 - INFO - User: Prince (1605) borrowed a bicycle from Sint Bernaardsestwg
03-Jun-22 23:32:34 - INFO - User: Linda (3669) borrowed a bicycle from Koningin Astridplein (2018)
03-Jun-22 23:32:34 - INFO - User: Justin (519) borrowed a bicycle from Gloriantlaan (2050)
03-Jun-22 23:32:34 - INFO - User: Alden (214) borrowed a bicycle from Berchemlei (2140)
03-Jun-22 23:32:34 - INFO - User: Enrique (3251) borrowed a bicycle from Schuttershofstraat (2000)
03-Jun-22 23:32:34 - INFO - User: Marcella (1441) borrowed a bicycle from Oudevaartplaats (2000)
03-Jun-22 23:32:34 - INFO - User: Stephen (3767) borrowed a bicycle from Krijgsbaan (2660)
03-Jun-22 23:32:34 - INFO - User: Robert (1287) borrowed a bicycle from Malisgoed (2610)
03-Jun-22 23:32:34 - INFO - User: Viva (3508) borrowed a bicycle from Kroonplein (2170)
03-Jun-22 23:32:34 - INFO - User: William (1362) borrowed a bicycle from Boekenberglei (2100)
03-Jun-22 23:32:34 - INFO - User: Charles (3739) borrowed a bicycle from Paardenmarkt (2000)
03-Jun-22 23:32:34 - INFO - User: Jessie (1582) borrowed a bicycle from Meerlenhoflaan (2660)
03-Jun-22 23:32:34 - INFO - User: Gary (2215) Delivered a bicycle at Beatrijslaan (2050)
03-Jun-22 23:32:34 - WARNING - All transporters are busy!
03-Jun-22 23:32:36 - INFO - User: Wanda (4323) borrowed a bicycle from Kroonplein (2170)
03-Jun-22 23:32:36 - INFO - User: Danny (135) borrowed a bicycle from Stuivenbergplein (2060)
03-Jun-22 23:32:36 - INFO - User: Steve (765) borrowed a bicycle from Jacob le Mairestraat (2020)
03-Jun-22 23:32:36 - INFO - User: Shannon (2261) borrowed a bicycle from Nieuwdreef (2170)
03-Jun-22 23:32:36 - INFO - User: Melvin (1168) borrowed a bicycle from Bolivarplaats (2000)
03-Jun-22 23:32:36 - INFO - User: Louis (186) borrowed a bicycle from Ridderveld (2610)
03-Jun-22 23:32:36 - INFO - User: Andres (1218) borrowed a bicycle from Gloriantlaan (2050)
03-Jun-22 23:32:36 - INFO - User: James (2147) borrowed a bicycle from Blancefloerlaan (2050)
03-Jun-22 23:32:36 - INFO - User: Herlinda (3978) borrowed a bicycle from Frederik van Eedenplein (2050)
03-Jun-22 23:32:36 - INFO - User: James (2440) borrowed a bicycle from Blancefloerlaan (2050)
03-Jun-22 23:32:36 - INFO - User: Roger (1745) borrowed a bicycle from Terloplein (2140)
03-Jun-22 23:32:36 - INFO - User: Jack (2406) borrowed a bicycle from Laar (2140)
03-Jun-22 23:32:36 - WARNING - All transporters are busy!
03-Jun-22 23:32:38 - INFO - User: Stan (2943) borrowed a bicycle from Luitenant Lippenslaan (2140)
03-Jun-22 23:32:38 - INFO - User: Rachel (2602) borrowed a bicycle from Valkstraat (2610)
03-Jun-22 23:32:38 - INFO - User: Kevin (306) borrowed a bicycle from Graspolderlaan (2660)
03-Jun-22 23:32:38 - INFO - User: Jimmy (441) borrowed a bicycle from Mercatorstraat (2018)
03-Jun-22 23:32:38 - INFO - User: Melvin (3661) borrowed a bicycle from Hollebeekstraat (2660)
03-Jun-22 23:32:38 - INFO - User: Barbara (3534) borrowed a bicycle from Desguinlei (2018)
03-Jun-22 23:32:38 - INFO - User: Chuck (1962) borrowed a bicycle from Ullenshofstraat (2170)
03-Jun-22 23:32:38 - INFO - User: Robert (2831) borrowed a bicycle from De Keyserlei (2018)
03-Jun-22 23:32:38 - INFO - User: Catherine (616) borrowed a bicycle from Van Cortbeemdelei (2100)
03-Jun-22 23:32:38 - INFO - User: Richard (2038) borrowed a bicycle from Jacob le Mairestraat (2020)
03-Jun-22 23:32:38 - INFO - User: Paula (1912) borrowed a bicycle from Dokter Donnyplein (2610)
03-Jun-22 23:32:38 - INFO - User: Robert (2794) borrowed a bicycle from Van Deynsestraat (2100)
03-Jun-22 23:32:38 - INFO - User: Jason (163) Delivered a bicycle at Godefriduskaai (2000)
03-Jun-22 23:32:38 - INFO - User: Pedro (1882) Delivered a bicycle at Grotesteenweg (2600)
03-Jun-22 23:32:38 - WARNING - All transporters are busy!
03-Jun-22 23:32:40 - INFO - User: Debrah (2742) borrowed a bicycle from Meir (2000)
03-Jun-22 23:32:40 - INFO - User: Donald (2003) borrowed a bicycle from Groenenborgerlaan (2020)
03-Jun-22 23:32:40 - INFO - User: Wendy (2607) borrowed a bicycle from Dokter Emiel Van Dammestraat (2660)
03-Jun-22 23:32:40 - INFO - User: Robert (830) borrowed a bicycle from Binnenvaartstraat (2000)
03-Jun-22 23:32:40 - INFO - User: Thomas (143) borrowed a bicycle from Amsterdamstraat (2000)
03-Jun-22 23:32:40 - INFO - User: Alvin (2941) borrowed a bicycle from Van den Hautelei (2100)
03-Jun-22 23:32:40 - INFO - User: Mark (3300) borrowed a bicycle from Koningin Astridplein (2018)
03-Jun-22 23:32:40 - INFO - User: Glen (2792) borrowed a bicycle from Maarschalk Gérardstraat (2000)
03-Jun-22 23:32:40 - INFO - User: Thomas (1025) borrowed a bicycle from Wapper (2000)
03-Jun-22 23:32:40 - INFO - User: Karen (634) borrowed a bicycle from Hofstadestraat (2600)
03-Jun-22 23:32:40 - INFO - User: Lynette (3526) borrowed a bicycle from Paul Henri Spaaklaan (2660)
03-Jun-22 23:32:40 - INFO - User: George (1251) borrowed a bicycle from De Keyserlei (2018)
03-Jun-22 23:32:40 - INFO - User: Larry (684) Delivered a bicycle at Kruishofstraat (2610)
03-Jun-22 23:32:40 - INFO - User: Catherine (3195) Delivered a bicycle at De Wittestraat (2600)
03-Jun-22 23:32:40 - INFO - User: Billy (3570) Delivered a bicycle at Binnenvaartstraat (2000)
03-Jun-22 23:32:40 - WARNING - All transporters are busy!
03-Jun-22 23:32:42 - INFO - User: Edith (2980) borrowed a bicycle from Letterkundestraat (2610)
03-Jun-22 23:32:42 - INFO - User: Mattie (2957) borrowed a bicycle from Posthofbrug (2600)
03-Jun-22 23:32:42 - INFO - User: Patricia (1858) borrowed a bicycle from Lange Elzenstraat (2018)
03-Jun-22 23:32:42 - INFO - User: Vicky (649) borrowed a bicycle from Luitenant Lippenslaan (2140)
03-Jun-22 23:32:42 - INFO - User: Russell (2028) borrowed a bicycle from Krijgsbaan (2660)
03-Jun-22 23:32:42 - INFO - User: Brandon (2307) borrowed a bicycle from Luchthavenlei (2100)
03-Jun-22 23:32:42 - INFO - User: Richard (1155) borrowed a bicycle from Berkenrodelei (2660)
03-Jun-22 23:32:42 - INFO - User: Jessica (3644) borrowed a bicycle from Van Cortbeemdelei (2100)
03-Jun-22 23:32:42 - INFO - User: Kay (466) borrowed a bicycle from Valkstraat (2610)
03-Jun-22 23:32:42 - INFO - User: Ricardo (2324) borrowed a bicycle from Sint-Aldegondiskaai (2000)
03-Jun-22 23:32:42 - INFO - User: Lindsey (1803) borrowed a bicycle from Sint-Paulusstraat (2000)
03-Jun-22 23:32:42 - INFO - User: Peter (3457) borrowed a bicycle from Kerkstraat (2060)
03-Jun-22 23:32:42 - INFO - User: Jeanne (363) Delivered a bicycle at Jos Smolderenstraat (2000)
03-Jun-22 23:32:42 - INFO - User: William (1003) Delivered a bicycle at Krugerplein (2140)
03-Jun-22 23:32:42 - INFO - User: Carolyn (3822) Delivered a bicycle at Dokter Emiel Van Dammestraat (2660)
03-Jun-22 23:32:42 - INFO - User: Christy (4182) Delivered a bicycle at Brusselstraat (2018)
03-Jun-22 23:32:42 - WARNING - All transporters are busy!
03-Jun-22 23:32:44 - INFO - User: Brian (1583) borrowed a bicycle from Galgenweellaan (2050)
03-Jun-22 23:32:44 - INFO - User: Pamela (4203) borrowed a bicycle from Pieter van Hobokenstraat (2000)
03-Jun-22 23:32:44 - INFO - User: Philip (73) borrowed a bicycle from Entrepotplaats (2000)
03-Jun-22 23:32:44 - INFO - User: Ray (3401) borrowed a bicycle from Sint-Michielskaai (2000)
03-Jun-22 23:32:44 - INFO - User: Brenda (2877) borrowed a bicycle from Rodeloopstraat (2170)
03-Jun-22 23:32:44 - INFO - User: Marjorie (1126) borrowed a bicycle from Dageraadplaats (2018)
03-Jun-22 23:32:44 - INFO - User: Cynthia (3288) borrowed a bicycle from Jozef Nellenslei (2100)
03-Jun-22 23:32:44 - INFO - User: Matthew (2939) borrowed a bicycle from Hof Van Tichelen (2020)
03-Jun-22 23:32:44 - INFO - User: Lola (291) borrowed a bicycle from Oudeleeuwenrui (2000)
03-Jun-22 23:32:44 - INFO - User: Elaine (800) borrowed a bicycle from Franklin Rooseveltplaats (2060)
03-Jun-22 23:32:44 - INFO - User: Josephine (2678) borrowed a bicycle from Lambrechtshoekenlaan (2170)
03-Jun-22 23:32:44 - INFO - User: Mildred (4349) borrowed a bicycle from Draaiboomstraat (2660)
03-Jun-22 23:32:44 - INFO - User: Patricia (276) Delivered a bicycle at Vercammenstraat (2140)
03-Jun-22 23:32:44 - INFO - User: Andrea (3178) Delivered a bicycle at Boudewijnssteeg (2018)
03-Jun-22 23:32:44 - INFO - User: Dennis (3897) Delivered a bicycle at Mechelsesteenweg (2018)
03-Jun-22 23:32:44 - WARNING - All transporters are busy!
03-Jun-22 23:32:46 - INFO - User: Harry (2125) borrowed a bicycle from Mechelsesteenweg (2018)
03-Jun-22 23:32:46 - INFO - User: Victoria (3351) borrowed a bicycle from Kruishofstraat (2610)
03-Jun-22 23:32:46 - INFO - User: Robert (4393) borrowed a bicycle from Ellermanstraat (2060)
03-Jun-22 23:32:46 - INFO - User: Homer (2592) borrowed a bicycle from Meerlenhoflaan (2660)
03-Jun-22 23:32:46 - INFO - User: Robert (296) borrowed a bicycle from Groenplaats (2000)
03-Jun-22 23:32:46 - INFO - User: Delbert (707) borrowed a bicycle from Graspolderlaan (2660)
03-Jun-22 23:32:46 - INFO - User: George (2423) borrowed a bicycle from Pol de Montstraat (2020)
03-Jun-22 23:32:46 - INFO - User: David (839) borrowed a bicycle from Oosterveldlaan (2610)
03-Jun-22 23:32:46 - INFO - User: Sandra (1571) borrowed a bicycle from Terloplein (2140)
03-Jun-22 23:32:46 - INFO - User: Rita (638) borrowed a bicycle from Den Brem (2610)
03-Jun-22 23:32:46 - INFO - User: Travis (3237) borrowed a bicycle from Koningin Astridplein (2018)
03-Jun-22 23:32:46 - INFO - User: Joseph (3230) borrowed a bicycle from Lange Gasthuisstraat (2000)
03-Jun-22 23:32:46 - INFO - User: Doris (160) Delivered a bicycle at Zuidervelodroom (2018)
03-Jun-22 23:32:46 - INFO - User: Tracy (455) Delivered a bicycle at Grotesteenweg (2600)
03-Jun-22 23:32:46 - INFO - User: Beth (712) Delivered a bicycle at Lange Gasthuisstraat (2000)
03-Jun-22 23:32:46 - INFO - User: Vincent (998) Delivered a bicycle at Halewijnlaan (2050)
03-Jun-22 23:32:46 - INFO - User: Jeanette (3193) Delivered a bicycle at Italiëlei (2000)
03-Jun-22 23:32:46 - WARNING - All transporters are busy!
03-Jun-22 23:32:48 - INFO - User: Javier (680) borrowed a bicycle from Luitenant Lippenslaan (2140)
03-Jun-22 23:32:48 - INFO - User: Albert (2225) borrowed a bicycle from Doornstraat (2610)
03-Jun-22 23:32:48 - INFO - User: Rogelio (886) borrowed a bicycle from Provinciestraat (2018)
03-Jun-22 23:32:48 - INFO - User: Patsy (1483) borrowed a bicycle from August Van de Wielelei (2100)
03-Jun-22 23:32:48 - INFO - User: Zoila (3303) borrowed a bicycle from Oudevaartplaats (2000)
03-Jun-22 23:32:48 - INFO - User: Blanca (3776) borrowed a bicycle from Duinstraat (2060)
03-Jun-22 23:32:48 - INFO - User: Timothy (1887) borrowed a bicycle from Gallifortlei (2100)
03-Jun-22 23:32:48 - INFO - User: Michael (2435) borrowed a bicycle from Florent Pauwelslei (2100)
03-Jun-22 23:32:48 - INFO - User: Joseph (2585) borrowed a bicycle from Grotesteenweg (2600)
03-Jun-22 23:32:48 - INFO - User: Joanne (3478) borrowed a bicycle from Kerkstraat (2060)
03-Jun-22 23:32:48 - INFO - User: Donald (840) borrowed a bicycle from Krugerbrug (2660)
03-Jun-22 23:32:48 - INFO - User: Melinda (46) borrowed a bicycle from Ullenshofstraat (2170)
03-Jun-22 23:32:48 - INFO - User: Glenn (926) Delivered a bicycle at Luitenant Lippenslaan (2140)
03-Jun-22 23:32:48 - INFO - User: Peter (2743) Delivered a bicycle at Stanleystraat (2018)
03-Jun-22 23:32:48 - INFO - Transporter: David (4) Delivered 5 bicycles at Eglantierlaan (2610)
03-Jun-22 23:32:48 - INFO - Transporter: David (4) took 3  bicycles from Koningin Astridplein (2018)
03-Jun-22 23:32:50 - INFO - User: Mary (4054) borrowed a bicycle from Bermstraat (2030)
03-Jun-22 23:32:50 - INFO - User: Evelyn (3112) borrowed a bicycle from Leo Bosschartlaan (2660)
03-Jun-22 23:32:50 - INFO - User: Will (487) borrowed a bicycle from Letterkundestraat (2610)
03-Jun-22 23:32:50 - INFO - User: Valarie (104) borrowed a bicycle from Pothoekstraat (2060)
03-Jun-22 23:32:50 - INFO - User: James (489) borrowed a bicycle from Moorkensplein (2140)
03-Jun-22 23:32:50 - INFO - User: Irvin (856) borrowed a bicycle from Ganzemate (2170)
03-Jun-22 23:32:50 - INFO - User: Josephine (969) borrowed a bicycle from Hof ter Schriecklaan (2600)
03-Jun-22 23:32:50 - INFO - User: Helen (1172) borrowed a bicycle from Pulhoflaan (2600)
03-Jun-22 23:32:50 - INFO - User: Adam (4176) borrowed a bicycle from Amerikalei (2000)
03-Jun-22 23:32:50 - INFO - User: Justin (2429) borrowed a bicycle from Hardenvoort (2060)
03-Jun-22 23:32:50 - INFO - User: Frank (546) borrowed a bicycle from Boekenberglei (2100)
03-Jun-22 23:32:50 - INFO - User: Nancy (1831) borrowed a bicycle from Beatrijslaan (2050)
03-Jun-22 23:32:50 - INFO - User: Teddy (1870) Delivered a bicycle at Korte Bremstraat (2170)
03-Jun-22 23:32:50 - INFO - User: Virginia (2110) Delivered a bicycle at Karel Oomsstraat (2018)
03-Jun-22 23:32:52 - INFO - User: Michael (19) borrowed a bicycle from Lange Van Ruusbroecstraat (2018)
03-Jun-22 23:32:52 - INFO - User: Randy (2952) borrowed a bicycle from Nationalestraat (2000)
03-Jun-22 23:32:52 - INFO - User: Lisa (3566) borrowed a bicycle from Viséstraat (2060)
03-Jun-22 23:32:52 - INFO - User: Mary (1692) borrowed a bicycle from Oosterveldlaan (2610)
03-Jun-22 23:32:52 - INFO - User: Rodney (4136) borrowed a bicycle from Statiestraat (2600)
03-Jun-22 23:32:52 - INFO - User: Henrietta (3231) borrowed a bicycle from Vlaamsekaai (2000)
03-Jun-22 23:32:52 - INFO - User: Michael (4082) borrowed a bicycle from Kempenstraat (2030)
03-Jun-22 23:32:52 - INFO - User: Michelle (2648) borrowed a bicycle from Fransenplaats (2018)
03-Jun-22 23:32:52 - INFO - User: Laura (3991) borrowed a bicycle from Mechelsesteenweg (2018)
03-Jun-22 23:32:52 - INFO - User: Milton (2883) borrowed a bicycle from Wisselstraat (2000)
03-Jun-22 23:32:52 - INFO - User: Sue (1084) borrowed a bicycle from Lange Lozanastraat (2018)
03-Jun-22 23:32:52 - INFO - User: Sara (2812) borrowed a bicycle from Letterkundestraat (2610)
03-Jun-22 23:32:52 - INFO - User: Erica (1807) Delivered a bicycle at Lange Lozanastraat (2018)
03-Jun-22 23:32:52 - INFO - User: Barbara (2937) Delivered a bicycle at Jan Van Rijswijcklaan (2018)
03-Jun-22 23:32:52 - INFO - User: Daniel (3756) Delivered a bicycle at Binnensingel (2600)
